<?xml version="1.0" encoding="UTF-8"?>
<!-- Generated by org.testng.reporters.JUnitReportReporter -->
<testsuite hostname="DESKTOP-C4LLSCE" failures="0" tests="1" name="com.jbk.test.RegisterTest" time="16.819" errors="0" timestamp="2024-03-01T21:22:14 IST" skipped="0">
  <testcase classname="com.jbk.test.RegisterTest" name="registerTC1" time="16.819"/>
  <system-out/>
</testsuite> <!-- com.jbk.test.RegisterTest -->
