<?xml version="1.0" encoding="UTF-8"?>
<!-- Generated by org.testng.reporters.JUnitReportReporter -->
<testsuite hostname="DESKTOP-C4LLSCE" failures="0" tests="1" name="com.jbk.test.LoginTest" time="8.418" errors="0" timestamp="2024-02-28T22:03:26 IST" skipped="0">
  <testcase classname="com.jbk.test.LoginTest" name="testCase1" time="8.418"/>
  <system-out/>
</testsuite> <!-- com.jbk.test.LoginTest -->
